<?xml version="1.0" encoding="UTF-8"?>
<testng-results skipped="0" failed="0" ignored="0" total="1" passed="1">
  <reporter-output>
  </reporter-output>
  <suite name="Default suite" duration-ms="21911" started-at="2019-12-27T10:15:10Z" finished-at="2019-12-27T10:15:32Z">
    <groups>
    </groups>
    <test name="Default test" duration-ms="21911" started-at="2019-12-27T10:15:10Z" finished-at="2019-12-27T10:15:32Z">
      <class name="Sing_up_Valid">
        <test-method status="PASS" signature="beforeTest()[pri:0, instance:Sing_up_Valid@56f4468b]" name="beforeTest" is-config="true" duration-ms="3683" started-at="2019-12-27T15:45:10Z" finished-at="2019-12-27T15:45:14Z">
          <reporter-output>
          </reporter-output>
        </test-method> <!-- beforeTest -->
        <test-method status="PASS" signature="beforeMethod()[pri:0, instance:Sing_up_Valid@56f4468b]" name="beforeMethod" is-config="true" duration-ms="442" started-at="2019-12-27T15:45:14Z" finished-at="2019-12-27T15:45:14Z">
          <reporter-output>
          </reporter-output>
        </test-method> <!-- beforeMethod -->
        <test-method status="PASS" signature="f()[pri:0, instance:Sing_up_Valid@56f4468b]" name="f" duration-ms="17539" started-at="2019-12-27T15:45:14Z" finished-at="2019-12-27T15:45:32Z">
          <reporter-output>
          </reporter-output>
        </test-method> <!-- f -->
        <test-method status="PASS" signature="afterMethod()[pri:0, instance:Sing_up_Valid@56f4468b]" name="afterMethod" is-config="true" duration-ms="0" started-at="2019-12-27T15:45:32Z" finished-at="2019-12-27T15:45:32Z">
          <reporter-output>
          </reporter-output>
        </test-method> <!-- afterMethod -->
        <test-method status="PASS" signature="afterTest()[pri:0, instance:Sing_up_Valid@56f4468b]" name="afterTest" is-config="true" duration-ms="223" started-at="2019-12-27T15:45:32Z" finished-at="2019-12-27T15:45:32Z">
          <reporter-output>
          </reporter-output>
        </test-method> <!-- afterTest -->
      </class> <!-- Sing_up_Valid -->
    </test> <!-- Default test -->
  </suite> <!-- Default suite -->
</testng-results>
